WARNING: You are trying to enable block sparse multithreading, but you have started Julia with only a single thread. You can start Julia with `N` threads with `julia -t N`, and check the number of threads Julia can use with `Threads.nthreads()`. Your system has 72 threads available to use, which you can determine by running `Sys.CPU_THREADS`.

WARNING: You are trying to enable block sparse multithreading, but you have started Julia with only a single thread. You can start Julia with `N` threads with `julia -t N`, and check the number of threads Julia can use with `Threads.nthreads()`. Your system has 72 threads available to use, which you can determine by running `Sys.CPU_THREADS`.

WARNING: You are trying to enable block sparse multithreading, but you have started Julia with only a single thread. You can start Julia with `N` threads with `julia -t N`, and check the number of threads Julia can use with `Threads.nthreads()`. Your system has 72 threads available to use, which you can determine by running `Sys.CPU_THREADS`.

WARNING: You are trying to enable block sparse multithreading, but you have started Julia with only a single thread. You can start Julia with `N` threads with `julia -t N`, and check the number of threads Julia can use with `Threads.nthreads()`. Your system has 72 threads available to use, which you can determine by running `Sys.CPU_THREADS`.

WARNING: You are trying to enable block sparse multithreading, but you have started Julia with only a single thread. You can start Julia with `N` threads with `julia -t N`, and check the number of threads Julia can use with `Threads.nthreads()`. Your system has 72 threads available to use, which you can determine by running `Sys.CPU_THREADS`.

WARNING: You are trying to enable block sparse multithreading, but you have started Julia with only a single thread. You can start Julia with `N` threads with `julia -t N`, and check the number of threads Julia can use with `Threads.nthreads()`. Your system has 72 threads available to use, which you can determine by running `Sys.CPU_THREADS`.

WARNING: You are trying to enable block sparse multithreading, but you have started Julia with only a single thread. You can start Julia with `N` threads with `julia -t N`, and check the number of threads Julia can use with `Threads.nthreads()`. Your system has 72 threads available to use, which you can determine by running `Sys.CPU_THREADS`.

WARNING: You are trying to enable block sparse multithreading, but you have started Julia with only a single thread. You can start Julia with `N` threads with `julia -t N`, and check the number of threads Julia can use with `Threads.nthreads()`. Your system has 72 threads available to use, which you can determine by running `Sys.CPU_THREADS`.

After sweep 1 energy=29770.775175216582  maxlinkdim=20 maxerr=3.50E-02 time=58.769
After sweep 1 energy=29770.775175216582  maxlinkdim=20 maxerr=3.50E-02 time=48.817
After sweep 1 energy=29770.775175216582  maxlinkdim=20 maxerr=3.50E-02 time=48.775
After sweep 1 energy=29770.775175216582  maxlinkdim=20 maxerr=3.50E-02 time=47.937
After sweep 1 energy=29770.775175216582  maxlinkdim=20 maxerr=3.50E-02 time=49.104
After sweep 1 energy=29770.775175216582  maxlinkdim=20 maxerr=3.50E-02 time=48.673
After sweep 1 energy=29770.775175216582  maxlinkdim=20 maxerr=3.50E-02 time=48.336
After sweep 1 energy=29770.775175216582  maxlinkdim=20 maxerr=3.50E-02 time=47.146
After sweep 2 energy=26518.04704316595  maxlinkdim=50 maxerr=1.81E-03 time=4.044
After sweep 2 energy=26518.04704316595  maxlinkdim=50 maxerr=1.81E-03 time=3.778
After sweep 2 energy=26518.04704316595  maxlinkdim=50 maxerr=1.81E-03 time=3.895
After sweep 2 energy=26518.04704316595  maxlinkdim=50 maxerr=1.81E-03 time=3.888
After sweep 2 energy=26518.04704316595  maxlinkdim=50 maxerr=1.81E-03 time=3.871
After sweep 2 energy=26518.04704316595  maxlinkdim=50 maxerr=1.81E-03 time=3.896
After sweep 2 energy=26518.04704316595  maxlinkdim=50 maxerr=1.81E-03 time=3.888
After sweep 2 energy=26518.04704316595  maxlinkdim=50 maxerr=1.81E-03 time=3.887
After sweep 3 energy=26000.070930485963  maxlinkdim=100 maxerr=4.89E-04 time=4.934
After sweep 3 energy=26000.070930485963  maxlinkdim=100 maxerr=4.89E-04 time=4.934
After sweep 3 energy=26000.070930485963  maxlinkdim=100 maxerr=4.89E-04 time=4.934
After sweep 3 energy=26000.070930485963  maxlinkdim=100 maxerr=4.89E-04 time=4.934
After sweep 3 energy=26000.070930485963  maxlinkdim=100 maxerr=4.89E-04 time=4.934
After sweep 3 energy=26000.070930485963  maxlinkdim=100 maxerr=4.89E-04 time=4.934
After sweep 3 energy=26000.070930485963  maxlinkdim=100 maxerr=4.89E-04 time=4.934
After sweep 3 energy=26000.070930485963  maxlinkdim=100 maxerr=4.89E-04 time=4.934
After sweep 4 energy=21066.828934237936  maxlinkdim=100 maxerr=2.51E-03 time=5.722
After sweep 4 energy=21066.828934237936  maxlinkdim=100 maxerr=2.51E-03 time=5.722
After sweep 4 energy=21066.828934237936  maxlinkdim=100 maxerr=2.51E-03 time=5.722
After sweep 4 energy=21066.828934237936  maxlinkdim=100 maxerr=2.51E-03 time=5.722
After sweep 4 energy=21066.828934237936  maxlinkdim=100 maxerr=2.51E-03 time=5.722
After sweep 4 energy=21066.828934237936  maxlinkdim=100 maxerr=2.51E-03 time=5.722
After sweep 4 energy=21066.828934237936  maxlinkdim=100 maxerr=2.51E-03 time=5.722
After sweep 4 energy=21066.828934237936  maxlinkdim=100 maxerr=2.51E-03 time=5.722
After sweep 5 energy=16850.17828558165  maxlinkdim=200 maxerr=8.36E-04 time=7.699
After sweep 5 energy=16850.17828558165  maxlinkdim=200 maxerr=8.36E-04 time=7.699
After sweep 5 energy=16850.17828558165  maxlinkdim=200 maxerr=8.36E-04 time=7.699
After sweep 5 energy=16850.17828558165  maxlinkdim=200 maxerr=8.36E-04 time=7.699
After sweep 5 energy=16850.17828558165  maxlinkdim=200 maxerr=8.36E-04 time=7.699
After sweep 5 energy=16850.17828558165  maxlinkdim=200 maxerr=8.36E-04 time=7.699
After sweep 5 energy=16850.17828558165  maxlinkdim=200 maxerr=8.36E-04 time=7.699
After sweep 5 energy=16850.17828558165  maxlinkdim=200 maxerr=8.36E-04 time=7.699
After sweep 1 energy=16759.30649136009  maxlinkdim=300 maxerr=2.63E-04 time=19.107
After sweep 1 energy=16759.30649136009  maxlinkdim=300 maxerr=2.63E-04 time=10.317
After sweep 1 energy=16759.30649136009  maxlinkdim=300 maxerr=2.63E-04 time=10.805
After sweep 1 energy=16759.30649136009  maxlinkdim=300 maxerr=2.63E-04 time=12.172
After sweep 1 energy=16759.30649136009  maxlinkdim=300 maxerr=2.63E-04 time=11.873
After sweep 1 energy=16759.30649136009  maxlinkdim=300 maxerr=2.63E-04 time=12.322
After sweep 1 energy=16759.30649136009  maxlinkdim=300 maxerr=2.63E-04 time=10.978
After sweep 1 energy=16759.30649136009  maxlinkdim=300 maxerr=2.63E-04 time=10.776
After sweep 1 energy=16722.227492031114  maxlinkdim=800 maxerr=6.10E-06 time=29.217
After sweep 1 energy=16722.227492031114  maxlinkdim=800 maxerr=6.10E-06 time=29.296
After sweep 1 energy=16722.227492031114  maxlinkdim=800 maxerr=6.10E-06 time=29.288
After sweep 1 energy=16722.227492031114  maxlinkdim=800 maxerr=6.10E-06 time=29.300
After sweep 1 energy=16722.227492031114  maxlinkdim=800 maxerr=6.10E-06 time=29.291
After sweep 1 energy=16722.227492031114  maxlinkdim=800 maxerr=6.10E-06 time=29.312
After sweep 1 energy=16722.227492031114  maxlinkdim=800 maxerr=6.10E-06 time=29.303
After sweep 1 energy=16722.227492031114  maxlinkdim=800 maxerr=6.10E-06 time=29.286
After sweep 1 energy=16719.111552324055  maxlinkdim=1300 maxerr=1.84E-06 time=65.234
After sweep 1 energy=16719.111552324055  maxlinkdim=1300 maxerr=1.84E-06 time=65.400
After sweep 1 energy=16719.111552324055  maxlinkdim=1300 maxerr=1.84E-06 time=64.822
After sweep 1 energy=16719.111552324055  maxlinkdim=1300 maxerr=1.84E-06 time=65.380
After sweep 1 energy=16719.111552324055  maxlinkdim=1300 maxerr=1.84E-06 time=65.319
After sweep 1 energy=16719.111552324055  maxlinkdim=1300 maxerr=1.84E-06 time=65.421
After sweep 1 energy=16719.111552324055  maxlinkdim=1300 maxerr=1.84E-06 time=65.362
After sweep 1 energy=16719.111552324055  maxlinkdim=1300 maxerr=1.84E-06 time=65.343
After sweep 1 energy=16716.266879811  maxlinkdim=1800 maxerr=9.35E-07 time=100.718
After sweep 1 energy=16716.266879811  maxlinkdim=1800 maxerr=9.35E-07 time=100.830
After sweep 1 energy=16716.266879811  maxlinkdim=1800 maxerr=9.35E-07 time=100.949
After sweep 1 energy=16716.266879811  maxlinkdim=1800 maxerr=9.35E-07 time=100.945
After sweep 1 energy=16716.266879811  maxlinkdim=1800 maxerr=9.35E-07 time=100.829
After sweep 1 energy=16716.266879811  maxlinkdim=1800 maxerr=9.35E-07 time=101.081
After sweep 1 energy=16716.266879811  maxlinkdim=1800 maxerr=9.35E-07 time=100.829
After sweep 1 energy=16716.266879811  maxlinkdim=1800 maxerr=9.35E-07 time=100.369
After sweep 1 energy=16713.691927358028  maxlinkdim=2299 maxerr=3.52E-07 time=123.554
After sweep 1 energy=16713.691927358028  maxlinkdim=2299 maxerr=3.52E-07 time=123.528
After sweep 1 energy=16713.691927358028  maxlinkdim=2299 maxerr=3.52E-07 time=123.620
After sweep 1 energy=16713.691927358028  maxlinkdim=2299 maxerr=3.52E-07 time=123.647
After sweep 1 energy=16713.691927358028  maxlinkdim=2299 maxerr=3.52E-07 time=123.293
After sweep 1 energy=16713.691927358028  maxlinkdim=2299 maxerr=3.52E-07 time=123.793
After sweep 1 energy=16713.691927358028  maxlinkdim=2299 maxerr=3.52E-07 time=123.208
After sweep 1 energy=16713.691927358028  maxlinkdim=2299 maxerr=3.52E-07 time=123.020
After sweep 1 energy=16711.275238967428  maxlinkdim=2800 maxerr=1.52E-07 time=150.152
After sweep 1 energy=16711.275238967428  maxlinkdim=2800 maxerr=1.52E-07 time=150.257
After sweep 1 energy=16711.275238967428  maxlinkdim=2800 maxerr=1.52E-07 time=150.371
After sweep 1 energy=16711.275238967428  maxlinkdim=2800 maxerr=1.52E-07 time=149.841
After sweep 1 energy=16711.275238967428  maxlinkdim=2800 maxerr=1.52E-07 time=149.976
After sweep 1 energy=16711.275238967428  maxlinkdim=2800 maxerr=1.52E-07 time=150.497
After sweep 1 energy=16711.275238967428  maxlinkdim=2800 maxerr=1.52E-07 time=149.908
After sweep 1 energy=16711.275238967428  maxlinkdim=2800 maxerr=1.52E-07 time=150.120
After sweep 1 energy=16709.090540551893  maxlinkdim=3300 maxerr=6.81E-08 time=168.688
After sweep 1 energy=16709.090540551893  maxlinkdim=3300 maxerr=6.81E-08 time=169.294
After sweep 1 energy=16709.090540551893  maxlinkdim=3300 maxerr=6.81E-08 time=169.771
After sweep 1 energy=16709.090540551893  maxlinkdim=3300 maxerr=6.81E-08 time=169.824
After sweep 1 energy=16709.090540551893  maxlinkdim=3300 maxerr=6.81E-08 time=169.701
After sweep 1 energy=16709.090540551893  maxlinkdim=3300 maxerr=6.81E-08 time=168.864
After sweep 1 energy=16709.090540551893  maxlinkdim=3300 maxerr=6.81E-08 time=169.773
After sweep 1 energy=16709.090540551893  maxlinkdim=3300 maxerr=6.81E-08 time=169.395
After sweep 1 energy=16707.177628941143  maxlinkdim=3798 maxerr=3.42E-08 time=191.453
After sweep 1 energy=16707.177628941143  maxlinkdim=3798 maxerr=3.42E-08 time=191.619
After sweep 1 energy=16707.177628941143  maxlinkdim=3798 maxerr=3.42E-08 time=191.258
After sweep 1 energy=16707.177628941143  maxlinkdim=3798 maxerr=3.42E-08 time=191.868
After sweep 1 energy=16707.177628941143  maxlinkdim=3798 maxerr=3.42E-08 time=191.386
After sweep 1 energy=16707.177628941143  maxlinkdim=3798 maxerr=3.42E-08 time=191.708
After sweep 1 energy=16707.177628941143  maxlinkdim=3798 maxerr=3.42E-08 time=191.669
After sweep 1 energy=16707.177628941143  maxlinkdim=3798 maxerr=3.42E-08 time=191.546
After sweep 1 energy=16705.491536544076  maxlinkdim=4300 maxerr=1.80E-08 time=201.415
After sweep 1 energy=16705.491536544076  maxlinkdim=4300 maxerr=1.80E-08 time=200.351
After sweep 1 energy=16705.491536544076  maxlinkdim=4300 maxerr=1.80E-08 time=200.475
After sweep 1 energy=16705.491536544076  maxlinkdim=4300 maxerr=1.80E-08 time=200.973
After sweep 1 energy=16705.491536544076  maxlinkdim=4300 maxerr=1.80E-08 time=200.683
After sweep 1 energy=16705.491536544076  maxlinkdim=4300 maxerr=1.80E-08 time=201.388
After sweep 1 energy=16705.491536544076  maxlinkdim=4300 maxerr=1.80E-08 time=200.879
After sweep 1 energy=16705.491536544076  maxlinkdim=4300 maxerr=1.80E-08 time=201.362
After sweep 1 energy=16704.02999268626  maxlinkdim=4797 maxerr=1.54E-08 time=217.325
After sweep 1 energy=16704.02999268626  maxlinkdim=4797 maxerr=1.54E-08 time=217.515
After sweep 1 energy=16704.02999268626  maxlinkdim=4797 maxerr=1.54E-08 time=216.700
After sweep 1 energy=16704.02999268626  maxlinkdim=4797 maxerr=1.54E-08 time=217.142
After sweep 1 energy=16704.02999268626  maxlinkdim=4797 maxerr=1.54E-08 time=216.305
After sweep 1 energy=16704.02999268626  maxlinkdim=4797 maxerr=1.54E-08 time=216.908
After sweep 1 energy=16704.02999268626  maxlinkdim=4797 maxerr=1.54E-08 time=216.942
After sweep 1 energy=16704.02999268626  maxlinkdim=4797 maxerr=1.54E-08 time=217.097
After sweep 1 energy=16702.789089137284  maxlinkdim=4876 maxerr=1.44E-08 time=227.314
After sweep 1 energy=16702.789089137284  maxlinkdim=4876 maxerr=1.44E-08 time=226.106
After sweep 1 energy=16702.789089137284  maxlinkdim=4876 maxerr=1.44E-08 time=227.474
After sweep 1 energy=16702.789089137284  maxlinkdim=4876 maxerr=1.44E-08 time=226.518
After sweep 1 energy=16702.789089137284  maxlinkdim=4876 maxerr=1.44E-08 time=225.593
After sweep 1 energy=16702.789089137284  maxlinkdim=4876 maxerr=1.44E-08 time=225.682
After sweep 1 energy=16702.789089137284  maxlinkdim=4876 maxerr=1.44E-08 time=224.593
After sweep 1 energy=16702.789089137284  maxlinkdim=4876 maxerr=1.44E-08 time=226.544
After sweep 1 energy=16701.816748074034  maxlinkdim=5029 maxerr=1.00E-08 time=232.874
After sweep 1 energy=16701.816748074034  maxlinkdim=5029 maxerr=1.00E-08 time=230.471
After sweep 1 energy=16701.816748074034  maxlinkdim=5029 maxerr=1.00E-08 time=233.230
After sweep 1 energy=16701.816748074034  maxlinkdim=5029 maxerr=1.00E-08 time=233.077
After sweep 1 energy=16701.816748074034  maxlinkdim=5029 maxerr=1.00E-08 time=230.147
After sweep 1 energy=16701.816748074034  maxlinkdim=5029 maxerr=1.00E-08 time=233.199
After sweep 1 energy=16701.816748074034  maxlinkdim=5029 maxerr=1.00E-08 time=233.147
After sweep 1 energy=16701.816748074034  maxlinkdim=5029 maxerr=1.00E-08 time=232.806
After sweep 1 energy=16701.099129382575  maxlinkdim=5170 maxerr=1.00E-08 time=232.433
After sweep 1 energy=16701.099129382575  maxlinkdim=5170 maxerr=1.00E-08 time=230.969
After sweep 1 energy=16701.099129382575  maxlinkdim=5170 maxerr=1.00E-08 time=230.670
After sweep 1 energy=16701.099129382575  maxlinkdim=5170 maxerr=1.00E-08 time=228.427
After sweep 1 energy=16701.099129382575  maxlinkdim=5170 maxerr=1.00E-08 time=232.828
After sweep 1 energy=16701.099129382575  maxlinkdim=5170 maxerr=1.00E-08 time=232.707
After sweep 1 energy=16701.099129382575  maxlinkdim=5170 maxerr=1.00E-08 time=231.934
After sweep 1 energy=16701.099129382575  maxlinkdim=5170 maxerr=1.00E-08 time=232.154
After sweep 1 energy=16700.578642156794  maxlinkdim=5220 maxerr=1.00E-08 time=229.613
After sweep 1 energy=16700.578642156794  maxlinkdim=5220 maxerr=1.00E-08 time=229.222
After sweep 1 energy=16700.578642156794  maxlinkdim=5220 maxerr=1.00E-08 time=227.532
After sweep 1 energy=16700.578642156794  maxlinkdim=5220 maxerr=1.00E-08 time=229.130
After sweep 1 energy=16700.578642156794  maxlinkdim=5220 maxerr=1.00E-08 time=227.182
After sweep 1 energy=16700.578642156794  maxlinkdim=5220 maxerr=1.00E-08 time=230.177
After sweep 1 energy=16700.578642156794  maxlinkdim=5220 maxerr=1.00E-08 time=227.607
After sweep 1 energy=16700.578642156794  maxlinkdim=5220 maxerr=1.00E-08 time=229.491
After sweep 1 energy=16700.203479832402  maxlinkdim=5077 maxerr=1.00E-08 time=230.549
After sweep 1 energy=16700.203479832402  maxlinkdim=5077 maxerr=1.00E-08 time=227.017
After sweep 1 energy=16700.203479832402  maxlinkdim=5077 maxerr=1.00E-08 time=230.687
After sweep 1 energy=16700.203479832402  maxlinkdim=5077 maxerr=1.00E-08 time=229.230
After sweep 1 energy=16700.203479832402  maxlinkdim=5077 maxerr=1.00E-08 time=229.263
After sweep 1 energy=16700.203479832402  maxlinkdim=5077 maxerr=1.00E-08 time=230.858
After sweep 1 energy=16700.203479832402  maxlinkdim=5077 maxerr=1.00E-08 time=228.759
After sweep 1 energy=16700.203479832402  maxlinkdim=5077 maxerr=1.00E-08 time=230.238
After sweep 1 energy=16699.933079693554  maxlinkdim=5109 maxerr=1.00E-08 time=227.285
After sweep 1 energy=16699.933079693554  maxlinkdim=5109 maxerr=1.00E-08 time=226.264
After sweep 1 energy=16699.933079693554  maxlinkdim=5109 maxerr=1.00E-08 time=227.493
After sweep 1 energy=16699.933079693554  maxlinkdim=5109 maxerr=1.00E-08 time=224.973
After sweep 1 energy=16699.933079693554  maxlinkdim=5109 maxerr=1.00E-08 time=224.983
After sweep 1 energy=16699.933079693554  maxlinkdim=5109 maxerr=1.00E-08 time=227.364
After sweep 1 energy=16699.933079693554  maxlinkdim=5109 maxerr=1.00E-08 time=227.557
After sweep 1 energy=16699.933079693554  maxlinkdim=5109 maxerr=1.00E-08 time=226.937
After sweep 1 energy=16699.733928029495  maxlinkdim=5107 maxerr=1.00E-08 time=233.705
After sweep 1 energy=16699.733928029495  maxlinkdim=5107 maxerr=1.00E-08 time=233.594
After sweep 1 energy=16699.733928029495  maxlinkdim=5107 maxerr=1.00E-08 time=233.774
After sweep 1 energy=16699.733928029495  maxlinkdim=5107 maxerr=1.00E-08 time=232.882
After sweep 1 energy=16699.733928029495  maxlinkdim=5107 maxerr=1.00E-08 time=233.101
After sweep 1 energy=16699.733928029495  maxlinkdim=5107 maxerr=1.00E-08 time=232.238
After sweep 1 energy=16699.733928029495  maxlinkdim=5107 maxerr=1.00E-08 time=233.502
After sweep 1 energy=16699.733928029495  maxlinkdim=5107 maxerr=1.00E-08 time=232.336
After sweep 1 energy=16699.58851073649  maxlinkdim=5095 maxerr=1.00E-08 time=232.478
After sweep 1 energy=16699.58851073649  maxlinkdim=5095 maxerr=1.00E-08 time=232.788
After sweep 1 energy=16699.58851073649  maxlinkdim=5095 maxerr=1.00E-08 time=232.791
After sweep 1 energy=16699.58851073649  maxlinkdim=5095 maxerr=1.00E-08 time=232.104
After sweep 1 energy=16699.58851073649  maxlinkdim=5095 maxerr=1.00E-08 time=231.989
After sweep 1 energy=16699.58851073649  maxlinkdim=5095 maxerr=1.00E-08 time=230.666
After sweep 1 energy=16699.58851073649  maxlinkdim=5095 maxerr=1.00E-08 time=232.292
After sweep 1 energy=16699.58851073649  maxlinkdim=5095 maxerr=1.00E-08 time=229.615
After sweep 1 energy=16699.487358922033  maxlinkdim=5009 maxerr=1.00E-08 time=229.456
After sweep 1 energy=16699.487358922033  maxlinkdim=5009 maxerr=1.00E-08 time=228.050
After sweep 1 energy=16699.487358922033  maxlinkdim=5009 maxerr=1.00E-08 time=229.699
After sweep 1 energy=16699.487358922033  maxlinkdim=5009 maxerr=1.00E-08 time=228.214
After sweep 1 energy=16699.487358922033  maxlinkdim=5009 maxerr=1.00E-08 time=229.143
After sweep 1 energy=16699.487358922033  maxlinkdim=5009 maxerr=1.00E-08 time=229.064
After sweep 1 energy=16699.487358922033  maxlinkdim=5009 maxerr=1.00E-08 time=229.869
After sweep 1 energy=16699.487358922033  maxlinkdim=5009 maxerr=1.00E-08 time=228.747
After sweep 1 energy=16699.41509181227  maxlinkdim=4925 maxerr=1.00E-08 time=228.698
After sweep 1 energy=16699.41509181227  maxlinkdim=4925 maxerr=1.00E-08 time=228.296
After sweep 1 energy=16699.41509181227  maxlinkdim=4925 maxerr=1.00E-08 time=227.984
After sweep 1 energy=16699.41509181227  maxlinkdim=4925 maxerr=1.00E-08 time=228.473
After sweep 1 energy=16699.41509181227  maxlinkdim=4925 maxerr=1.00E-08 time=227.991
After sweep 1 energy=16699.41509181227  maxlinkdim=4925 maxerr=1.00E-08 time=228.680
After sweep 1 energy=16699.41509181227  maxlinkdim=4925 maxerr=1.00E-08 time=228.733
After sweep 1 energy=16699.41509181227  maxlinkdim=4925 maxerr=1.00E-08 time=228.235
After sweep 1 energy=16699.364945790596  maxlinkdim=4834 maxerr=1.00E-08 time=238.338
After sweep 1 energy=16699.364945790596  maxlinkdim=4834 maxerr=1.00E-08 time=237.676
After sweep 1 energy=16699.364945790596  maxlinkdim=4834 maxerr=1.00E-08 time=238.093
After sweep 1 energy=16699.364945790596  maxlinkdim=4834 maxerr=1.00E-08 time=237.807
After sweep 1 energy=16699.364945790596  maxlinkdim=4834 maxerr=1.00E-08 time=237.916
After sweep 1 energy=16699.364945790596  maxlinkdim=4834 maxerr=1.00E-08 time=238.109
After sweep 1 energy=16699.364945790596  maxlinkdim=4834 maxerr=1.00E-08 time=238.346
After sweep 1 energy=16699.364945790596  maxlinkdim=4834 maxerr=1.00E-08 time=238.167
After sweep 1 energy=16699.330091885353  maxlinkdim=4777 maxerr=1.00E-08 time=227.763
After sweep 1 energy=16699.330091885353  maxlinkdim=4777 maxerr=1.00E-08 time=228.355
After sweep 1 energy=16699.330091885353  maxlinkdim=4777 maxerr=1.00E-08 time=227.859
After sweep 1 energy=16699.330091885353  maxlinkdim=4777 maxerr=1.00E-08 time=227.961
After sweep 1 energy=16699.330091885353  maxlinkdim=4777 maxerr=1.00E-08 time=227.601
After sweep 1 energy=16699.330091885353  maxlinkdim=4777 maxerr=1.00E-08 time=227.671
After sweep 1 energy=16699.330091885353  maxlinkdim=4777 maxerr=1.00E-08 time=228.235
After sweep 1 energy=16699.330091885353  maxlinkdim=4777 maxerr=1.00E-08 time=227.759
After sweep 1 energy=16699.306327531773  maxlinkdim=4722 maxerr=1.00E-08 time=227.313
After sweep 1 energy=16699.306327531773  maxlinkdim=4722 maxerr=1.00E-08 time=225.999
After sweep 1 energy=16699.306327531773  maxlinkdim=4722 maxerr=1.00E-08 time=226.803
After sweep 1 energy=16699.306327531773  maxlinkdim=4722 maxerr=1.00E-08 time=226.684
After sweep 1 energy=16699.306327531773  maxlinkdim=4722 maxerr=1.00E-08 time=226.736
After sweep 1 energy=16699.306327531773  maxlinkdim=4722 maxerr=1.00E-08 time=227.428
After sweep 1 energy=16699.306327531773  maxlinkdim=4722 maxerr=1.00E-08 time=227.522
After sweep 1 energy=16699.306327531773  maxlinkdim=4722 maxerr=1.00E-08 time=225.784
After sweep 1 energy=16699.28936014238  maxlinkdim=4823 maxerr=1.00E-08 time=223.891
After sweep 1 energy=16699.28936014238  maxlinkdim=4823 maxerr=1.00E-08 time=222.559
After sweep 1 energy=16699.28936014238  maxlinkdim=4823 maxerr=1.00E-08 time=223.438
After sweep 1 energy=16699.28936014238  maxlinkdim=4823 maxerr=1.00E-08 time=223.831
After sweep 1 energy=16699.28936014238  maxlinkdim=4823 maxerr=1.00E-08 time=223.395
After sweep 1 energy=16699.28936014238  maxlinkdim=4823 maxerr=1.00E-08 time=223.936
After sweep 1 energy=16699.28936014238  maxlinkdim=4823 maxerr=1.00E-08 time=223.155
After sweep 1 energy=16699.28936014238  maxlinkdim=4823 maxerr=1.00E-08 time=223.540
After sweep 1 energy=16699.27520764743  maxlinkdim=4825 maxerr=1.00E-08 time=246.884
After sweep 1 energy=16699.27520764743  maxlinkdim=4825 maxerr=1.00E-08 time=245.830
After sweep 1 energy=16699.27520764743  maxlinkdim=4825 maxerr=1.00E-08 time=246.137
After sweep 1 energy=16699.27520764743  maxlinkdim=4825 maxerr=1.00E-08 time=246.600
After sweep 1 energy=16699.27520764743  maxlinkdim=4825 maxerr=1.00E-08 time=246.116
After sweep 1 energy=16699.27520764743  maxlinkdim=4825 maxerr=1.00E-08 time=247.253
After sweep 1 energy=16699.27520764743  maxlinkdim=4825 maxerr=1.00E-08 time=246.975
After sweep 1 energy=16699.27520764743  maxlinkdim=4825 maxerr=1.00E-08 time=246.557
After sweep 1 energy=16699.267463531407  maxlinkdim=4661 maxerr=1.00E-08 time=235.847
After sweep 1 energy=16699.267463531407  maxlinkdim=4661 maxerr=1.00E-08 time=235.788
After sweep 1 energy=16699.267463531407  maxlinkdim=4661 maxerr=1.00E-08 time=235.821
After sweep 1 energy=16699.267463531407  maxlinkdim=4661 maxerr=1.00E-08 time=235.743
After sweep 1 energy=16699.267463531407  maxlinkdim=4661 maxerr=1.00E-08 time=235.513
After sweep 1 energy=16699.267463531407  maxlinkdim=4661 maxerr=1.00E-08 time=236.265
After sweep 1 energy=16699.267463531407  maxlinkdim=4661 maxerr=1.00E-08 time=235.858
After sweep 1 energy=16699.267463531407  maxlinkdim=4661 maxerr=1.00E-08 time=234.644
After sweep 1 energy=16699.262514194805  maxlinkdim=4586 maxerr=1.00E-08 time=226.986
After sweep 1 energy=16699.262514194805  maxlinkdim=4586 maxerr=1.00E-08 time=227.378
After sweep 1 energy=16699.262514194805  maxlinkdim=4586 maxerr=1.00E-08 time=226.667
After sweep 1 energy=16699.262514194805  maxlinkdim=4586 maxerr=1.00E-08 time=225.251
After sweep 1 energy=16699.262514194805  maxlinkdim=4586 maxerr=1.00E-08 time=226.748
After sweep 1 energy=16699.262514194805  maxlinkdim=4586 maxerr=1.00E-08 time=227.459
After sweep 1 energy=16699.262514194805  maxlinkdim=4586 maxerr=1.00E-08 time=227.198
After sweep 1 energy=16699.262514194805  maxlinkdim=4586 maxerr=1.00E-08 time=226.815
After sweep 1 energy=16699.259399363546  maxlinkdim=4531 maxerr=1.00E-08 time=214.793
After sweep 1 energy=16699.259399363546  maxlinkdim=4531 maxerr=1.00E-08 time=215.084
After sweep 1 energy=16699.259399363546  maxlinkdim=4531 maxerr=1.00E-08 time=214.739
After sweep 1 energy=16699.259399363546  maxlinkdim=4531 maxerr=1.00E-08 time=212.939
After sweep 1 energy=16699.259399363546  maxlinkdim=4531 maxerr=1.00E-08 time=214.626
After sweep 1 energy=16699.259399363546  maxlinkdim=4531 maxerr=1.00E-08 time=214.093
After sweep 1 energy=16699.259399363546  maxlinkdim=4531 maxerr=1.00E-08 time=214.557
After sweep 1 energy=16699.259399363546  maxlinkdim=4531 maxerr=1.00E-08 time=214.276
After sweep 1 energy=16699.257219588548  maxlinkdim=4495 maxerr=9.99E-09 time=208.038
After sweep 1 energy=16699.257219588548  maxlinkdim=4495 maxerr=9.99E-09 time=208.408
After sweep 1 energy=16699.257219588548  maxlinkdim=4495 maxerr=9.99E-09 time=206.590
After sweep 1 energy=16699.257219588548  maxlinkdim=4495 maxerr=9.99E-09 time=208.100
After sweep 1 energy=16699.257219588548  maxlinkdim=4495 maxerr=9.99E-09 time=207.832
After sweep 1 energy=16699.257219588548  maxlinkdim=4495 maxerr=9.99E-09 time=208.455
After sweep 1 energy=16699.257219588548  maxlinkdim=4495 maxerr=9.99E-09 time=207.714
After sweep 1 energy=16699.257219588548  maxlinkdim=4495 maxerr=9.99E-09 time=207.553
After sweep 1 energy=16699.25574882462  maxlinkdim=4468 maxerr=1.00E-08 time=207.504
After sweep 1 energy=16699.25574882462  maxlinkdim=4468 maxerr=1.00E-08 time=207.249
After sweep 1 energy=16699.25574882462  maxlinkdim=4468 maxerr=1.00E-08 time=207.662
After sweep 1 energy=16699.25574882462  maxlinkdim=4468 maxerr=1.00E-08 time=207.776
After sweep 1 energy=16699.25574882462  maxlinkdim=4468 maxerr=1.00E-08 time=207.301
After sweep 1 energy=16699.25574882462  maxlinkdim=4468 maxerr=1.00E-08 time=207.821
After sweep 1 energy=16699.25574882462  maxlinkdim=4468 maxerr=1.00E-08 time=207.020
After sweep 1 energy=16699.25574882462  maxlinkdim=4468 maxerr=1.00E-08 time=207.236
After sweep 1 energy=16699.254626277714  maxlinkdim=4449 maxerr=1.00E-08 time=203.943
After sweep 1 energy=16699.254626277714  maxlinkdim=4449 maxerr=1.00E-08 time=203.793
After sweep 1 energy=16699.254626277714  maxlinkdim=4449 maxerr=1.00E-08 time=203.939
After sweep 1 energy=16699.254626277714  maxlinkdim=4449 maxerr=1.00E-08 time=203.886
After sweep 1 energy=16699.254626277714  maxlinkdim=4449 maxerr=1.00E-08 time=204.485
After sweep 1 energy=16699.254626277714  maxlinkdim=4449 maxerr=1.00E-08 time=204.400
After sweep 1 energy=16699.254626277714  maxlinkdim=4449 maxerr=1.00E-08 time=203.936
After sweep 1 energy=16699.254626277714  maxlinkdim=4449 maxerr=1.00E-08 time=203.780
After sweep 1 energy=16699.253894978563  maxlinkdim=4434 maxerr=1.00E-08 time=203.391
After sweep 1 energy=16699.253894978563  maxlinkdim=4434 maxerr=1.00E-08 time=203.005
After sweep 1 energy=16699.253894978563  maxlinkdim=4434 maxerr=1.00E-08 time=202.442
After sweep 1 energy=16699.253894978563  maxlinkdim=4434 maxerr=1.00E-08 time=203.489
After sweep 1 energy=16699.253894978563  maxlinkdim=4434 maxerr=1.00E-08 time=203.216
After sweep 1 energy=16699.253894978563  maxlinkdim=4434 maxerr=1.00E-08 time=203.797
After sweep 1 energy=16699.253894978563  maxlinkdim=4434 maxerr=1.00E-08 time=203.313
After sweep 1 energy=16699.253894978563  maxlinkdim=4434 maxerr=1.00E-08 time=203.131
After sweep 1 energy=16699.25334108096  maxlinkdim=4425 maxerr=1.00E-08 time=209.448
After sweep 1 energy=16699.25334108096  maxlinkdim=4425 maxerr=1.00E-08 time=209.427
After sweep 1 energy=16699.25334108096  maxlinkdim=4425 maxerr=1.00E-08 time=209.434
After sweep 1 energy=16699.25334108096  maxlinkdim=4425 maxerr=1.00E-08 time=209.308
After sweep 1 energy=16699.25334108096  maxlinkdim=4425 maxerr=1.00E-08 time=209.165
After sweep 1 energy=16699.25334108096  maxlinkdim=4425 maxerr=1.00E-08 time=209.833
After sweep 1 energy=16699.25334108096  maxlinkdim=4425 maxerr=1.00E-08 time=209.386
After sweep 1 energy=16699.25334108096  maxlinkdim=4425 maxerr=1.00E-08 time=209.043










Batch Job Summary Report (version 21.01.1) for Job "DMRG_pll_8" (57521588) on daint

Job information (1/2)
-----------------------------------------------------------------------------------------------------
             Submit            Eligible               Start                 End    Elapsed Time limit
------------------- ------------------- ------------------- ------------------- ---------- ----------
2024-10-14T12:14:44 2024-10-14T12:14:44 2024-10-14T12:15:04 2024-10-14T14:23:26   02:08:22   04:00:00
-----------------------------------------------------------------------------------------------------

Job information (2/2)
-------------------------------------------------------------
    Username      Account    Partition   NNodes        Energy
------------ ------------ ------------ -------- -------------
       rgraf         em01       normal        1   1336.120 kJ

