WARNING: You are trying to enable block sparse multithreading, but you have started Julia with only a single thread. You can start Julia with `N` threads with `julia -t N`, and check the number of threads Julia can use with `Threads.nthreads()`. Your system has 72 threads available to use, which you can determine by running `Sys.CPU_THREADS`.

WARNING: You are trying to enable block sparse multithreading, but you have started Julia with only a single thread. You can start Julia with `N` threads with `julia -t N`, and check the number of threads Julia can use with `Threads.nthreads()`. Your system has 72 threads available to use, which you can determine by running `Sys.CPU_THREADS`.

WARNING: You are trying to enable block sparse multithreading, but you have started Julia with only a single thread. You can start Julia with `N` threads with `julia -t N`, and check the number of threads Julia can use with `Threads.nthreads()`. Your system has 72 threads available to use, which you can determine by running `Sys.CPU_THREADS`.

Threads.nthreads() = 1
Threads.nthreads() = 1
WARNING: You are trying to enable block sparse multithreading, but you have started Julia with only a single thread. You can start Julia with `N` threads with `julia -t N`, and check the number of threads Julia can use with `Threads.nthreads()`. Your system has 72 threads available to use, which you can determine by running `Sys.CPU_THREADS`.

Threads.nthreads() = 1
Threads.nthreads() = 1
number of processes = 4
number of processes = 4
number of processes = 4
number of processes = 4
After sweep 1 energy=29926.275711562066  maxlinkdim=20 maxerr=3.67E-02 time=50.284
After sweep 1 energy=29926.275711562066  maxlinkdim=20 maxerr=3.67E-02 time=41.612
After sweep 1 energy=29926.275711562066  maxlinkdim=20 maxerr=3.67E-02 time=41.068
After sweep 1 energy=29926.275711562066  maxlinkdim=20 maxerr=3.67E-02 time=40.311
After sweep 2 energy=26616.420215209804  maxlinkdim=50 maxerr=2.15E-03 time=3.419
After sweep 2 energy=26616.420215209804  maxlinkdim=50 maxerr=2.15E-03 time=3.308
After sweep 2 energy=26616.420215209804  maxlinkdim=50 maxerr=2.15E-03 time=3.319
After sweep 2 energy=26616.420215209804  maxlinkdim=50 maxerr=2.15E-03 time=3.281
After sweep 3 energy=26008.055518520374  maxlinkdim=100 maxerr=8.12E-04 time=3.918
After sweep 3 energy=26008.055518520374  maxlinkdim=100 maxerr=8.12E-04 time=3.918
After sweep 3 energy=26008.055518520374  maxlinkdim=100 maxerr=8.12E-04 time=3.918
After sweep 3 energy=26008.055518520374  maxlinkdim=100 maxerr=8.12E-04 time=3.918
After sweep 4 energy=20835.08249220498  maxlinkdim=100 maxerr=2.38E-03 time=4.364
After sweep 4 energy=20835.08249220498  maxlinkdim=100 maxerr=2.38E-03 time=4.364
After sweep 4 energy=20835.08249220498  maxlinkdim=100 maxerr=2.38E-03 time=4.364
After sweep 4 energy=20835.08249220498  maxlinkdim=100 maxerr=2.38E-03 time=4.364
After sweep 5 energy=16849.72427651113  maxlinkdim=200 maxerr=8.48E-04 time=6.485
After sweep 5 energy=16849.72427651113  maxlinkdim=200 maxerr=8.48E-04 time=6.485
After sweep 5 energy=16849.72427651113  maxlinkdim=200 maxerr=8.48E-04 time=6.485
After sweep 5 energy=16849.72427651113  maxlinkdim=200 maxerr=8.48E-04 time=6.485
After sweep 1 energy=16759.217542034487  maxlinkdim=300 maxerr=2.64E-04 time=16.102
After sweep 1 energy=16759.217542034487  maxlinkdim=300 maxerr=2.64E-04 time=9.785
After sweep 1 energy=16759.217542034487  maxlinkdim=300 maxerr=2.64E-04 time=8.431
After sweep 1 energy=16759.217542034487  maxlinkdim=300 maxerr=2.64E-04 time=9.731
After sweep 1 energy=16722.119958276857  maxlinkdim=800 maxerr=6.22E-06 time=24.569
After sweep 1 energy=16722.119958276857  maxlinkdim=800 maxerr=6.22E-06 time=24.588
After sweep 1 energy=16722.119958276857  maxlinkdim=800 maxerr=6.22E-06 time=24.593
After sweep 1 energy=16722.119958276857  maxlinkdim=800 maxerr=6.22E-06 time=24.597
After sweep 1 energy=16718.963497194185  maxlinkdim=1300 maxerr=1.88E-06 time=52.615
After sweep 1 energy=16718.963497194185  maxlinkdim=1300 maxerr=1.88E-06 time=52.709
After sweep 1 energy=16718.963497194185  maxlinkdim=1300 maxerr=1.88E-06 time=52.715
After sweep 1 energy=16718.963497194185  maxlinkdim=1300 maxerr=1.88E-06 time=52.669
After sweep 1 energy=16716.060571395243  maxlinkdim=1800 maxerr=7.33E-07 time=79.132
After sweep 1 energy=16716.060571395243  maxlinkdim=1800 maxerr=7.33E-07 time=79.345
After sweep 1 energy=16716.060571395243  maxlinkdim=1800 maxerr=7.33E-07 time=79.175
After sweep 1 energy=16716.060571395243  maxlinkdim=1800 maxerr=7.33E-07 time=79.164
After sweep 1 energy=16713.599083039746  maxlinkdim=2300 maxerr=3.29E-07 time=104.930
After sweep 1 energy=16713.599083039746  maxlinkdim=2300 maxerr=3.29E-07 time=104.908
After sweep 1 energy=16713.599083039746  maxlinkdim=2300 maxerr=3.29E-07 time=105.175
After sweep 1 energy=16713.599083039746  maxlinkdim=2300 maxerr=3.29E-07 time=105.063
After sweep 1 energy=16711.291495569483  maxlinkdim=2800 maxerr=1.69E-07 time=129.480
After sweep 1 energy=16711.291495569483  maxlinkdim=2800 maxerr=1.69E-07 time=129.619
After sweep 1 energy=16711.291495569483  maxlinkdim=2800 maxerr=1.69E-07 time=129.552
After sweep 1 energy=16711.291495569483  maxlinkdim=2800 maxerr=1.69E-07 time=129.427
After sweep 1 energy=16709.146098532172  maxlinkdim=3299 maxerr=9.11E-08 time=143.302
After sweep 1 energy=16709.146098532172  maxlinkdim=3299 maxerr=9.11E-08 time=144.484
After sweep 1 energy=16709.146098532172  maxlinkdim=3299 maxerr=9.11E-08 time=144.647
After sweep 1 energy=16709.146098532172  maxlinkdim=3299 maxerr=9.11E-08 time=144.418
After sweep 1 energy=16707.205775628194  maxlinkdim=3798 maxerr=4.62E-08 time=164.158
After sweep 1 energy=16707.205775628194  maxlinkdim=3798 maxerr=4.62E-08 time=162.184
After sweep 1 energy=16707.205775628194  maxlinkdim=3798 maxerr=4.62E-08 time=164.663
After sweep 1 energy=16707.205775628194  maxlinkdim=3798 maxerr=4.62E-08 time=162.798
After sweep 1 energy=16705.565955624916  maxlinkdim=4300 maxerr=2.42E-08 time=176.970
After sweep 1 energy=16705.565955624916  maxlinkdim=4300 maxerr=2.42E-08 time=174.705
After sweep 1 energy=16705.565955624916  maxlinkdim=4300 maxerr=2.42E-08 time=176.781
After sweep 1 energy=16705.565955624916  maxlinkdim=4300 maxerr=2.42E-08 time=175.854
After sweep 1 energy=16704.158735396544  maxlinkdim=4800 maxerr=1.35E-08 time=188.996
After sweep 1 energy=16704.158735396544  maxlinkdim=4800 maxerr=1.35E-08 time=190.009
After sweep 1 energy=16704.158735396544  maxlinkdim=4800 maxerr=1.35E-08 time=187.484
After sweep 1 energy=16704.158735396544  maxlinkdim=4800 maxerr=1.35E-08 time=187.508
After sweep 1 energy=16702.94273301886  maxlinkdim=5105 maxerr=1.23E-08 time=198.238
After sweep 1 energy=16702.94273301886  maxlinkdim=5105 maxerr=1.23E-08 time=197.974
After sweep 1 energy=16702.94273301886  maxlinkdim=5105 maxerr=1.23E-08 time=197.742
After sweep 1 energy=16702.94273301886  maxlinkdim=5105 maxerr=1.23E-08 time=197.178
After sweep 1 energy=16701.941724715845  maxlinkdim=5436 maxerr=1.00E-08 time=206.997
After sweep 1 energy=16701.941724715845  maxlinkdim=5436 maxerr=1.00E-08 time=204.663
After sweep 1 energy=16701.941724715845  maxlinkdim=5436 maxerr=1.00E-08 time=204.947
After sweep 1 energy=16701.941724715845  maxlinkdim=5436 maxerr=1.00E-08 time=207.042
After sweep 1 energy=16701.20465273689  maxlinkdim=5440 maxerr=1.00E-08 time=208.927
After sweep 1 energy=16701.20465273689  maxlinkdim=5440 maxerr=1.00E-08 time=207.280
After sweep 1 energy=16701.20465273689  maxlinkdim=5440 maxerr=1.00E-08 time=208.547
After sweep 1 energy=16701.20465273689  maxlinkdim=5440 maxerr=1.00E-08 time=209.521
After sweep 1 energy=16700.645653988824  maxlinkdim=5640 maxerr=1.00E-08 time=207.304
After sweep 1 energy=16700.645653988824  maxlinkdim=5640 maxerr=1.00E-08 time=206.836
After sweep 1 energy=16700.645653988824  maxlinkdim=5640 maxerr=1.00E-08 time=206.367
After sweep 1 energy=16700.645653988824  maxlinkdim=5640 maxerr=1.00E-08 time=206.050
After sweep 1 energy=16700.25734419393  maxlinkdim=5417 maxerr=1.00E-08 time=211.091
After sweep 1 energy=16700.25734419393  maxlinkdim=5417 maxerr=1.00E-08 time=209.279
After sweep 1 energy=16700.25734419393  maxlinkdim=5417 maxerr=1.00E-08 time=210.539
After sweep 1 energy=16700.25734419393  maxlinkdim=5417 maxerr=1.00E-08 time=211.181
After sweep 1 energy=16699.966612631855  maxlinkdim=5324 maxerr=1.00E-08 time=201.891
After sweep 1 energy=16699.966612631855  maxlinkdim=5324 maxerr=1.00E-08 time=202.020
After sweep 1 energy=16699.966612631855  maxlinkdim=5324 maxerr=1.00E-08 time=201.825
After sweep 1 energy=16699.966612631855  maxlinkdim=5324 maxerr=1.00E-08 time=200.733
After sweep 1 energy=16699.758138416542  maxlinkdim=5200 maxerr=1.00E-08 time=202.613
After sweep 1 energy=16699.758138416542  maxlinkdim=5200 maxerr=1.00E-08 time=201.580
After sweep 1 energy=16699.758138416542  maxlinkdim=5200 maxerr=1.00E-08 time=201.396
After sweep 1 energy=16699.758138416542  maxlinkdim=5200 maxerr=1.00E-08 time=203.179
After sweep 1 energy=16699.608766832822  maxlinkdim=5107 maxerr=1.00E-08 time=201.151
After sweep 1 energy=16699.608766832822  maxlinkdim=5107 maxerr=1.00E-08 time=200.974
After sweep 1 energy=16699.608766832822  maxlinkdim=5107 maxerr=1.00E-08 time=200.071
After sweep 1 energy=16699.608766832822  maxlinkdim=5107 maxerr=1.00E-08 time=199.931
After sweep 1 energy=16699.499317593727  maxlinkdim=5004 maxerr=1.00E-08 time=200.837
After sweep 1 energy=16699.499317593727  maxlinkdim=5004 maxerr=1.00E-08 time=200.814
After sweep 1 energy=16699.499317593727  maxlinkdim=5004 maxerr=1.00E-08 time=199.874
After sweep 1 energy=16699.499317593727  maxlinkdim=5004 maxerr=1.00E-08 time=199.649
After sweep 1 energy=16699.42387205284  maxlinkdim=4889 maxerr=1.00E-08 time=201.164
After sweep 1 energy=16699.42387205284  maxlinkdim=4889 maxerr=1.00E-08 time=201.458
After sweep 1 energy=16699.42387205284  maxlinkdim=4889 maxerr=1.00E-08 time=199.972
After sweep 1 energy=16699.42387205284  maxlinkdim=4889 maxerr=1.00E-08 time=202.203
After sweep 1 energy=16699.370488900364  maxlinkdim=4823 maxerr=1.00E-08 time=203.016
After sweep 1 energy=16699.370488900364  maxlinkdim=4823 maxerr=1.00E-08 time=203.096
After sweep 1 energy=16699.370488900364  maxlinkdim=4823 maxerr=1.00E-08 time=202.084
After sweep 1 energy=16699.370488900364  maxlinkdim=4823 maxerr=1.00E-08 time=203.708
After sweep 1 energy=16699.33406236947  maxlinkdim=4771 maxerr=1.00E-08 time=200.248
After sweep 1 energy=16699.33406236947  maxlinkdim=4771 maxerr=1.00E-08 time=200.068
After sweep 1 energy=16699.33406236947  maxlinkdim=4771 maxerr=1.00E-08 time=199.744
After sweep 1 energy=16699.33406236947  maxlinkdim=4771 maxerr=1.00E-08 time=199.758
After sweep 1 energy=16699.30897063378  maxlinkdim=4720 maxerr=1.00E-08 time=196.617
After sweep 1 energy=16699.30897063378  maxlinkdim=4720 maxerr=1.00E-08 time=196.120
After sweep 1 energy=16699.30897063378  maxlinkdim=4720 maxerr=1.00E-08 time=196.090
After sweep 1 energy=16699.30897063378  maxlinkdim=4720 maxerr=1.00E-08 time=195.889
After sweep 1 energy=16699.290772935296  maxlinkdim=4843 maxerr=1.00E-08 time=196.552
After sweep 1 energy=16699.290772935296  maxlinkdim=4843 maxerr=1.00E-08 time=197.557
After sweep 1 energy=16699.290772935296  maxlinkdim=4843 maxerr=1.00E-08 time=196.538
After sweep 1 energy=16699.290772935296  maxlinkdim=4843 maxerr=1.00E-08 time=197.676
After sweep 1 energy=16699.276162996037  maxlinkdim=4839 maxerr=1.00E-08 time=219.742
After sweep 1 energy=16699.276162996037  maxlinkdim=4839 maxerr=1.00E-08 time=219.071
After sweep 1 energy=16699.276162996037  maxlinkdim=4839 maxerr=1.00E-08 time=219.764
After sweep 1 energy=16699.276162996037  maxlinkdim=4839 maxerr=1.00E-08 time=219.594
After sweep 1 energy=16699.268145041086  maxlinkdim=4671 maxerr=1.00E-08 time=205.926
After sweep 1 energy=16699.268145041086  maxlinkdim=4671 maxerr=1.00E-08 time=208.160
After sweep 1 energy=16699.268145041086  maxlinkdim=4671 maxerr=1.00E-08 time=204.922
After sweep 1 energy=16699.268145041086  maxlinkdim=4671 maxerr=1.00E-08 time=205.823
After sweep 1 energy=16699.263140262774  maxlinkdim=4596 maxerr=1.00E-08 time=197.407
After sweep 1 energy=16699.263140262774  maxlinkdim=4596 maxerr=1.00E-08 time=195.650
After sweep 1 energy=16699.263140262774  maxlinkdim=4596 maxerr=1.00E-08 time=196.663
After sweep 1 energy=16699.263140262774  maxlinkdim=4596 maxerr=1.00E-08 time=197.491
After sweep 1 energy=16699.259688690887  maxlinkdim=4536 maxerr=1.00E-08 time=187.344
After sweep 1 energy=16699.259688690887  maxlinkdim=4536 maxerr=1.00E-08 time=187.506
After sweep 1 energy=16699.259688690887  maxlinkdim=4536 maxerr=1.00E-08 time=186.418
After sweep 1 energy=16699.259688690887  maxlinkdim=4536 maxerr=1.00E-08 time=187.078
After sweep 1 energy=16699.257419892427  maxlinkdim=4499 maxerr=1.00E-08 time=184.848
After sweep 1 energy=16699.257419892427  maxlinkdim=4499 maxerr=1.00E-08 time=185.185
After sweep 1 energy=16699.257419892427  maxlinkdim=4499 maxerr=1.00E-08 time=183.222
After sweep 1 energy=16699.257419892427  maxlinkdim=4499 maxerr=1.00E-08 time=184.910
After sweep 1 energy=16699.255897680272  maxlinkdim=4470 maxerr=1.00E-08 time=180.100
After sweep 1 energy=16699.255897680272  maxlinkdim=4470 maxerr=1.00E-08 time=180.221
After sweep 1 energy=16699.255897680272  maxlinkdim=4470 maxerr=1.00E-08 time=180.587
After sweep 1 energy=16699.255897680272  maxlinkdim=4470 maxerr=1.00E-08 time=180.148
After sweep 1 energy=16699.254787088707  maxlinkdim=4451 maxerr=1.00E-08 time=181.931
After sweep 1 energy=16699.254787088707  maxlinkdim=4451 maxerr=1.00E-08 time=182.169
After sweep 1 energy=16699.254787088707  maxlinkdim=4451 maxerr=1.00E-08 time=182.078
After sweep 1 energy=16699.254787088707  maxlinkdim=4451 maxerr=1.00E-08 time=181.803
After sweep 1 energy=16699.253967685432  maxlinkdim=4437 maxerr=1.00E-08 time=177.136
After sweep 1 energy=16699.253967685432  maxlinkdim=4437 maxerr=1.00E-08 time=177.436
After sweep 1 energy=16699.253967685432  maxlinkdim=4437 maxerr=1.00E-08 time=177.504
After sweep 1 energy=16699.253967685432  maxlinkdim=4437 maxerr=1.00E-08 time=177.355
After sweep 1 energy=16699.253399175224  maxlinkdim=4426 maxerr=1.00E-08 time=179.727
After sweep 1 energy=16699.253399175224  maxlinkdim=4426 maxerr=1.00E-08 time=179.755
After sweep 1 energy=16699.253399175224  maxlinkdim=4426 maxerr=1.00E-08 time=179.084
After sweep 1 energy=16699.253399175224  maxlinkdim=4426 maxerr=1.00E-08 time=179.786






Batch Job Summary Report (version 21.01.1) for Job "DMRG_ll_4" (57476279) on daint

Job information (1/2)
-----------------------------------------------------------------------------------------------------
             Submit            Eligible               Start                 End    Elapsed Time limit
------------------- ------------------- ------------------- ------------------- ---------- ----------
2024-10-11T12:16:01 2024-10-11T12:16:01 2024-10-11T12:17:35 2024-10-11T14:10:39   01:53:04   02:00:00
-----------------------------------------------------------------------------------------------------

Job information (2/2)
-------------------------------------------------------------
    Username      Account    Partition   NNodes        Energy
------------ ------------ ------------ -------- -------------
       rgraf         em01       normal        1   1008.305 kJ

