┌ Info: MPI implementation identified
│   libmpi = "libmpich"
│   version_string = "MPI VERSION    : CRAY MPICH version 7.7.18 (ANL base 3.2)\nMPI BUILD INFO : Built Wed Aug 11 15:11:38 2021 (git hash cf7c093df) MT-G\n"
│   impl = "CrayMPICH"
│   version = v"7.7.18"
└   abi = "MPICH"
┌ Info: MPI implementation identified
│   libmpi = "libmpich"
│   version_string = "MPI VERSION    : CRAY MPICH version 7.7.18 (ANL base 3.2)\nMPI BUILD INFO : Built Wed Aug 11 15:11:38 2021 (git hash cf7c093df) MT-G\n"
│   impl = "CrayMPICH"
│   version = v"7.7.18"
└   abi = "MPICH"
┌ Info: MPI implementation identified
│   libmpi = "libmpich"
│   version_string = "MPI VERSION    : CRAY MPICH version 7.7.18 (ANL base 3.2)\nMPI BUILD INFO : Built Wed Aug 11 15:11:38 2021 (git hash cf7c093df) MT-G\n"
│   impl = "CrayMPICH"
│   version = v"7.7.18"
└   abi = "MPICH"
┌ Info: MPI implementation identified
│   libmpi = "libmpich"
│   version_string = "MPI VERSION    : CRAY MPICH version 7.7.18 (ANL base 3.2)\nMPI BUILD INFO : Built Wed Aug 11 15:11:38 2021 (git hash cf7c093df) MT-G\n"
│   impl = "CrayMPICH"
│   version = v"7.7.18"
└   abi = "MPICH"
┌ Info: MPI implementation identified
│   libmpi = "libmpich"
│   version_string = "MPI VERSION    : CRAY MPICH version 7.7.18 (ANL base 3.2)\nMPI BUILD INFO : Built Wed Aug 11 15:11:38 2021 (git hash cf7c093df) MT-G\n"
│   impl = "CrayMPICH"
│   version = v"7.7.18"
└   abi = "MPICH"
┌ Info: MPI implementation identified
│   libmpi = "libmpich"
│   version_string = "MPI VERSION    : CRAY MPICH version 7.7.18 (ANL base 3.2)\nMPI BUILD INFO : Built Wed Aug 11 15:11:38 2021 (git hash cf7c093df) MT-G\n"
│   impl = "CrayMPICH"
│   version = v"7.7.18"
└   abi = "MPICH"
┌ Info: MPI implementation identified
│   libmpi = "libmpich"
│   version_string = "MPI VERSION    : CRAY MPICH version 7.7.18 (ANL base 3.2)\nMPI BUILD INFO : Built Wed Aug 11 15:11:38 2021 (git hash cf7c093df) MT-G\n"
│   impl = "CrayMPICH"
│   version = v"7.7.18"
└   abi = "MPICH"
┌ Info: MPI implementation identified
│   libmpi = "libmpich"
│   version_string = "MPI VERSION    : CRAY MPICH version 7.7.18 (ANL base 3.2)\nMPI BUILD INFO : Built Wed Aug 11 15:11:38 2021 (git hash cf7c093df) MT-G\n"
│   impl = "CrayMPICH"
│   version = v"7.7.18"
└   abi = "MPICH"
┌ Info: MPIPreferences unchanged
│   binary = "system"
│   libmpi = "libmpich"
│   abi = "MPICH"
│   mpiexec = "mpiexec"
│   preloads = Any[]
└   preloads_env_switch = nothing
┌ Info: MPIPreferences unchanged
│   binary = "system"
│   libmpi = "libmpich"
│   abi = "MPICH"
│   mpiexec = "mpiexec"
│   preloads = Any[]
└   preloads_env_switch = nothing
┌ Info: MPIPreferences unchanged
│   binary = "system"
│   libmpi = "libmpich"
│   abi = "MPICH"
│   mpiexec = "mpiexec"
│   preloads = Any[]
└   preloads_env_switch = nothing
┌ Info: MPIPreferences unchanged
│   binary = "system"
│   libmpi = "libmpich"
│   abi = "MPICH"
│   mpiexec = "mpiexec"
│   preloads = Any[]
└   preloads_env_switch = nothing
┌ Info: MPIPreferences unchanged
│   binary = "system"
│   libmpi = "libmpich"
│   abi = "MPICH"
│   mpiexec = "mpiexec"
│   preloads = Any[]
└   preloads_env_switch = nothing
┌ Info: MPIPreferences unchanged
│   binary = "system"
│   libmpi = "libmpich"
│   abi = "MPICH"
│   mpiexec = "mpiexec"
│   preloads = Any[]
└   preloads_env_switch = nothing
┌ Info: MPIPreferences unchanged
│   binary = "system"
│   libmpi = "libmpich"
│   abi = "MPICH"
│   mpiexec = "mpiexec"
│   preloads = Any[]
└   preloads_env_switch = nothing
┌ Info: MPIPreferences unchanged
│   binary = "system"
│   libmpi = "libmpich"
│   abi = "MPICH"
│   mpiexec = "mpiexec"
│   preloads = Any[]
└   preloads_env_switch = nothing
slurmstepd: error: *** STEP 57476449.0 ON nid01505 CANCELLED AT 2024-10-11T15:06:30 DUE TO TIME LIMIT ***
srun: Job step aborted: Waiting up to 92 seconds for job step to finish.
srun: got SIGCONT
srun: forcing job termination
