Switching to atp/3.14.5.
Switching to cray-libsci/20.09.1.
Switching to cray-mpich/7.7.18.
Switching to craype/2.7.10.
Switching to gcc/9.3.0.
Switching to modules/3.2.11.4.
Switching to perftools-base/21.09.0.
Switching to pmi/5.0.17.
┌ Info: MPI implementation identified
│   libmpi = "libmpich"
│   version_string = "MPI VERSION    : CRAY MPICH version 7.7.18 (ANL base 3.2)\nMPI BUILD INFO : Built Wed Aug 11 15:11:38 2021 (git hash cf7c093df) MT-G\n"
│   impl = "CrayMPICH"
│   version = v"7.7.18"
└   abi = "MPICH"
┌ Info: MPI implementation identified
│   libmpi = "libmpich"
│   version_string = "MPI VERSION    : CRAY MPICH version 7.7.18 (ANL base 3.2)\nMPI BUILD INFO : Built Wed Aug 11 15:11:38 2021 (git hash cf7c093df) MT-G\n"
│   impl = "CrayMPICH"
│   version = v"7.7.18"
└   abi = "MPICH"
┌ Warning: Due to a bug in Julia (until 1.6.5 and 1.7.1), setting preferences in transitive dependencies
│ is broken (https://github.com/JuliaPackaging/Preferences.jl/issues/24). To fix this either update
│ your version of Julia, or add MPIPreferences as a direct dependency to your project.
└ @ MPIPreferences ~/.julia/1.6.3/daint-mc/packages/MPIPreferences/PLH7x/src/MPIPreferences.jl:228
┌ Warning: Due to a bug in Julia (until 1.6.5 and 1.7.1), setting preferences in transitive dependencies
│ is broken (https://github.com/JuliaPackaging/Preferences.jl/issues/24). To fix this either update
│ your version of Julia, or add MPIPreferences as a direct dependency to your project.
└ @ MPIPreferences ~/.julia/1.6.3/daint-mc/packages/MPIPreferences/PLH7x/src/MPIPreferences.jl:228
┌ Info: MPIPreferences unchanged
│   binary = "system"
│   libmpi = "libmpich"
│   abi = "MPICH"
│   mpiexec = "mpiexec"
│   preloads = Any[]
└   preloads_env_switch = nothing
┌ Info: MPIPreferences unchanged
│   binary = "system"
│   libmpi = "libmpich"
│   abi = "MPICH"
│   mpiexec = "mpiexec"
│   preloads = Any[]
└   preloads_env_switch = nothing
┌ Warning: Module Accessors with build ID 1023850870425783 is missing from the cache.
│ This may mean Accessors [7d9f7c33-5ae7-4f3b-8dc6-eff91059b697] does not support precompilation but is imported by a module that does.
└ @ Base loading.jl:1030
┌ Warning: Module Accessors with build ID 1023850870425783 is missing from the cache.
│ This may mean Accessors [7d9f7c33-5ae7-4f3b-8dc6-eff91059b697] does not support precompilation but is imported by a module that does.
└ @ Base loading.jl:1030
┌ Warning: The call to compilecache failed to create a usable precompiled cache file for Transducers [28d57a85-8fef-5791-bfe6-a80928e7c999]
│   exception = Required dependency Accessors [7d9f7c33-5ae7-4f3b-8dc6-eff91059b697] failed to load from a cache file.
└ @ Base loading.jl:1055
┌ Warning: The call to compilecache failed to create a usable precompiled cache file for Folds [41a02a25-b8f0-4f67-bc48-60067656b558]
│   exception = Invalid input in module list: expected StaticArraysCore.
└ @ Base loading.jl:1055
┌ Warning: The call to compilecache failed to create a usable precompiled cache file for StaticArrayInterface [0d7ed370-da01-4f52-bd93-41d350b8b718]
│   exception = Required dependency ArrayInterface [4fba245c-0d91-5ea0-9b3e-6abc04ee57a9] failed to load from a cache file.
└ @ Base loading.jl:1055
┌ Warning: The call to compilecache failed to create a usable precompiled cache file for NDTensors [23ae76d9-e61a-49c4-8f12-3f1a16adf9cf]
│   exception = Required dependency StaticArrayInterface [0d7ed370-da01-4f52-bd93-41d350b8b718] failed to load from a cache file.
└ @ Base loading.jl:1055
WARNING: Method definition getindex(ArrayInterface.ArrayIndex{N} where N, Union{Int64, Static.StaticInt{N} where N}, Union{Int64, Static.StaticInt{N} where N}...) in module StaticArrayInterface at /users/rgraf/.julia/1.6.3/daint-mc/packages/StaticArrayInterface/Xcj6a/src/array_index.jl:9 overwritten in module StaticArrayInterface on the same line (check for duplicate calls to `include`).
  ** incremental compilation may be fatally broken for this module **

┌ Warning: Replacing module `StaticArrayInterface`
└ @ Base loading.jl:959
┌ Warning: The call to compilecache failed to create a usable precompiled cache file for NDTensors [23ae76d9-e61a-49c4-8f12-3f1a16adf9cf]
│   exception = Required dependency EllipsisNotation [da5c29d0-fa7d-589e-88eb-ea29b0a81949] failed to load from a cache file.
└ @ Base loading.jl:1055
WARNING: Method definition getindex(ArrayInterface.ArrayIndex{N} where N, Union{Int64, Static.StaticInt{N} where N}, Union{Int64, Static.StaticInt{N} where N}...) in module StaticArrayInterface at /users/rgraf/.julia/1.6.3/daint-mc/packages/StaticArrayInterface/Xcj6a/src/array_index.jl:9 overwritten in module StaticArrayInterface on the same line (check for duplicate calls to `include`).
  ** incremental compilation may be fatally broken for this module **

┌ Warning: Replacing module `StaticArrayInterface`
└ @ Base loading.jl:959
┌ Warning: The call to compilecache failed to create a usable precompiled cache file for ITensors [9136182c-28ba-11e9-034c-db9fb085ebd5]
│   exception = Required dependency StaticArrayInterface [0d7ed370-da01-4f52-bd93-41d350b8b718] failed to load from a cache file.
└ @ Base loading.jl:1055
┌ Warning: The call to compilecache failed to create a usable precompiled cache file for ITensors [9136182c-28ba-11e9-034c-db9fb085ebd5]
│   exception = Required dependency StaticArrayInterface [0d7ed370-da01-4f52-bd93-41d350b8b718] failed to load from a cache file.
└ @ Base loading.jl:1055
┌ Warning: Module ITensors with build ID 1023911863588681 is missing from the cache.
│ This may mean ITensors [9136182c-28ba-11e9-034c-db9fb085ebd5] does not support precompilation but is imported by a module that does.
└ @ Base loading.jl:1030
┌ Warning: Module ITensors with build ID 1023911997628901 is missing from the cache.
│ This may mean ITensors [9136182c-28ba-11e9-034c-db9fb085ebd5] does not support precompilation but is imported by a module that does.
└ @ Base loading.jl:1030
┌ Warning: Module ITensors with build ID 1023911863588681 is missing from the cache.
│ This may mean ITensors [9136182c-28ba-11e9-034c-db9fb085ebd5] does not support precompilation but is imported by a module that does.
└ @ Base loading.jl:1030
┌ Warning: Module ITensors with build ID 1023911997628901 is missing from the cache.
│ This may mean ITensors [9136182c-28ba-11e9-034c-db9fb085ebd5] does not support precompilation but is imported by a module that does.
└ @ Base loading.jl:1030
┌ Warning: Module ITensors with build ID 1023911863588681 is missing from the cache.
│ This may mean ITensors [9136182c-28ba-11e9-034c-db9fb085ebd5] does not support precompilation but is imported by a module that does.
└ @ Base loading.jl:1030
┌ Warning: Module ITensors with build ID 1023911997628901 is missing from the cache.
│ This may mean ITensors [9136182c-28ba-11e9-034c-db9fb085ebd5] does not support precompilation but is imported by a module that does.
└ @ Base loading.jl:1030
┌ Warning: Module ITensorMPS with build ID 1023954261265448 is missing from the cache.
│ This may mean ITensorMPS [0d1a4710-d33b-49a5-8f18-73bdf49b47e2] does not support precompilation but is imported by a module that does.
└ @ Base loading.jl:1030
┌ Warning: Module ITensorMPS with build ID 1023954270308846 is missing from the cache.
│ This may mean ITensorMPS [0d1a4710-d33b-49a5-8f18-73bdf49b47e2] does not support precompilation but is imported by a module that does.
└ @ Base loading.jl:1030
