Switching to atp/3.14.5.
Switching to cray-libsci/20.09.1.
Switching to cray-mpich/7.7.18.
Switching to craype/2.7.10.
Switching to gcc/9.3.0.
Switching to modules/3.2.11.4.
Switching to perftools-base/21.09.0.
Switching to pmi/5.0.17.
┌ Info: MPI implementation identified
│   libmpi = "libmpich"
│   version_string = "MPI VERSION    : CRAY MPICH version 7.7.18 (ANL base 3.2)\nMPI BUILD INFO : Built Wed Aug 11 15:11:38 2021 (git hash cf7c093df) MT-G\n"
│   impl = "CrayMPICH"
│   version = v"7.7.18"
└   abi = "MPICH"
┌ Info: MPI implementation identified
│   libmpi = "libmpich"
│   version_string = "MPI VERSION    : CRAY MPICH version 7.7.18 (ANL base 3.2)\nMPI BUILD INFO : Built Wed Aug 11 15:11:38 2021 (git hash cf7c093df) MT-G\n"
│   impl = "CrayMPICH"
│   version = v"7.7.18"
└   abi = "MPICH"
┌ Info: MPI implementation identified
│   libmpi = "libmpich"
│   version_string = "MPI VERSION    : CRAY MPICH version 7.7.18 (ANL base 3.2)\nMPI BUILD INFO : Built Wed Aug 11 15:11:38 2021 (git hash cf7c093df) MT-G\n"
│   impl = "CrayMPICH"
│   version = v"7.7.18"
└   abi = "MPICH"
┌ Info: MPI implementation identified
│   libmpi = "libmpich"
│   version_string = "MPI VERSION    : CRAY MPICH version 7.7.18 (ANL base 3.2)\nMPI BUILD INFO : Built Wed Aug 11 15:11:38 2021 (git hash cf7c093df) MT-G\n"
│   impl = "CrayMPICH"
│   version = v"7.7.18"
└   abi = "MPICH"
┌ Info: MPI implementation identified
│   libmpi = "libmpich"
│   version_string = "MPI VERSION    : CRAY MPICH version 7.7.18 (ANL base 3.2)\nMPI BUILD INFO : Built Wed Aug 11 15:11:38 2021 (git hash cf7c093df) MT-G\n"
│   impl = "CrayMPICH"
│   version = v"7.7.18"
└   abi = "MPICH"
┌ Info: MPI implementation identified
│   libmpi = "libmpich"
│   version_string = "MPI VERSION    : CRAY MPICH version 7.7.18 (ANL base 3.2)\nMPI BUILD INFO : Built Wed Aug 11 15:11:38 2021 (git hash cf7c093df) MT-G\n"
│   impl = "CrayMPICH"
│   version = v"7.7.18"
└   abi = "MPICH"
┌ Info: MPI implementation identified
│   libmpi = "libmpich"
│   version_string = "MPI VERSION    : CRAY MPICH version 7.7.18 (ANL base 3.2)\nMPI BUILD INFO : Built Wed Aug 11 15:11:38 2021 (git hash cf7c093df) MT-G\n"
│   impl = "CrayMPICH"
│   version = v"7.7.18"
└   abi = "MPICH"
┌ Info: MPI implementation identified
│   libmpi = "libmpich"
│   version_string = "MPI VERSION    : CRAY MPICH version 7.7.18 (ANL base 3.2)\nMPI BUILD INFO : Built Wed Aug 11 15:11:38 2021 (git hash cf7c093df) MT-G\n"
│   impl = "CrayMPICH"
│   version = v"7.7.18"
└   abi = "MPICH"
┌ Warning: Due to a bug in Julia (until 1.6.5 and 1.7.1), setting preferences in transitive dependencies
│ is broken (https://github.com/JuliaPackaging/Preferences.jl/issues/24). To fix this either update
│ your version of Julia, or add MPIPreferences as a direct dependency to your project.
└ @ MPIPreferences ~/.julia/1.6.3/daint-mc/packages/MPIPreferences/PLH7x/src/MPIPreferences.jl:228
┌ Warning: Due to a bug in Julia (until 1.6.5 and 1.7.1), setting preferences in transitive dependencies
│ is broken (https://github.com/JuliaPackaging/Preferences.jl/issues/24). To fix this either update
│ your version of Julia, or add MPIPreferences as a direct dependency to your project.
└ @ MPIPreferences ~/.julia/1.6.3/daint-mc/packages/MPIPreferences/PLH7x/src/MPIPreferences.jl:228
┌ Warning: Due to a bug in Julia (until 1.6.5 and 1.7.1), setting preferences in transitive dependencies
│ is broken (https://github.com/JuliaPackaging/Preferences.jl/issues/24). To fix this either update
│ your version of Julia, or add MPIPreferences as a direct dependency to your project.
└ @ MPIPreferences ~/.julia/1.6.3/daint-mc/packages/MPIPreferences/PLH7x/src/MPIPreferences.jl:228
┌ Warning: Due to a bug in Julia (until 1.6.5 and 1.7.1), setting preferences in transitive dependencies
│ is broken (https://github.com/JuliaPackaging/Preferences.jl/issues/24). To fix this either update
│ your version of Julia, or add MPIPreferences as a direct dependency to your project.
└ @ MPIPreferences ~/.julia/1.6.3/daint-mc/packages/MPIPreferences/PLH7x/src/MPIPreferences.jl:228
┌ Warning: Due to a bug in Julia (until 1.6.5 and 1.7.1), setting preferences in transitive dependencies
│ is broken (https://github.com/JuliaPackaging/Preferences.jl/issues/24). To fix this either update
│ your version of Julia, or add MPIPreferences as a direct dependency to your project.
└ @ MPIPreferences ~/.julia/1.6.3/daint-mc/packages/MPIPreferences/PLH7x/src/MPIPreferences.jl:228
┌ Warning: Due to a bug in Julia (until 1.6.5 and 1.7.1), setting preferences in transitive dependencies
│ is broken (https://github.com/JuliaPackaging/Preferences.jl/issues/24). To fix this either update
│ your version of Julia, or add MPIPreferences as a direct dependency to your project.
└ @ MPIPreferences ~/.julia/1.6.3/daint-mc/packages/MPIPreferences/PLH7x/src/MPIPreferences.jl:228
┌ Warning: Due to a bug in Julia (until 1.6.5 and 1.7.1), setting preferences in transitive dependencies
│ is broken (https://github.com/JuliaPackaging/Preferences.jl/issues/24). To fix this either update
│ your version of Julia, or add MPIPreferences as a direct dependency to your project.
└ @ MPIPreferences ~/.julia/1.6.3/daint-mc/packages/MPIPreferences/PLH7x/src/MPIPreferences.jl:228
┌ Warning: Due to a bug in Julia (until 1.6.5 and 1.7.1), setting preferences in transitive dependencies
│ is broken (https://github.com/JuliaPackaging/Preferences.jl/issues/24). To fix this either update
│ your version of Julia, or add MPIPreferences as a direct dependency to your project.
└ @ MPIPreferences ~/.julia/1.6.3/daint-mc/packages/MPIPreferences/PLH7x/src/MPIPreferences.jl:228
┌ Info: MPIPreferences unchanged
│   binary = "system"
│   libmpi = "libmpich"
│   abi = "MPICH"
│   mpiexec = "mpiexec"
│   preloads = Any[]
└   preloads_env_switch = nothing
┌ Info: MPIPreferences unchanged
│   binary = "system"
│   libmpi = "libmpich"
│   abi = "MPICH"
│   mpiexec = "mpiexec"
│   preloads = Any[]
└   preloads_env_switch = nothing
┌ Info: MPIPreferences unchanged
│   binary = "system"
│   libmpi = "libmpich"
│   abi = "MPICH"
│   mpiexec = "mpiexec"
│   preloads = Any[]
└   preloads_env_switch = nothing
┌ Info: MPIPreferences unchanged
│   binary = "system"
│   libmpi = "libmpich"
│   abi = "MPICH"
│   mpiexec = "mpiexec"
│   preloads = Any[]
└   preloads_env_switch = nothing
┌ Info: MPIPreferences unchanged
│   binary = "system"
│   libmpi = "libmpich"
│   abi = "MPICH"
│   mpiexec = "mpiexec"
│   preloads = Any[]
└   preloads_env_switch = nothing
┌ Info: MPIPreferences unchanged
│   binary = "system"
│   libmpi = "libmpich"
│   abi = "MPICH"
│   mpiexec = "mpiexec"
│   preloads = Any[]
└   preloads_env_switch = nothing
┌ Info: MPIPreferences unchanged
│   binary = "system"
│   libmpi = "libmpich"
│   abi = "MPICH"
│   mpiexec = "mpiexec"
│   preloads = Any[]
└   preloads_env_switch = nothing
┌ Info: MPIPreferences unchanged
│   binary = "system"
│   libmpi = "libmpich"
│   abi = "MPICH"
│   mpiexec = "mpiexec"
│   preloads = Any[]
└   preloads_env_switch = nothing
