┌ Info: MPI implementation identified
│   libmpi = "libmpich"
│   version_string = "MPI VERSION    : CRAY MPICH version 7.7.18 (ANL base 3.2)\nMPI BUILD INFO : Built Wed Aug 11 15:11:38 2021 (git hash cf7c093df) MT-G\n"
│   impl = "CrayMPICH"
│   version = v"7.7.18"
└   abi = "MPICH"
┌ Info: MPI implementation identified
│   libmpi = "libmpich"
│   version_string = "MPI VERSION    : CRAY MPICH version 7.7.18 (ANL base 3.2)\nMPI BUILD INFO : Built Wed Aug 11 15:11:38 2021 (git hash cf7c093df) MT-G\n"
│   impl = "CrayMPICH"
│   version = v"7.7.18"
└   abi = "MPICH"
┌ Info: MPI implementation identified
│   libmpi = "libmpich"
│   version_string = "MPI VERSION    : CRAY MPICH version 7.7.18 (ANL base 3.2)\nMPI BUILD INFO : Built Wed Aug 11 15:11:38 2021 (git hash cf7c093df) MT-G\n"
│   impl = "CrayMPICH"
│   version = v"7.7.18"
└   abi = "MPICH"
┌ Info: MPI implementation identified
│   libmpi = "libmpich"
│   version_string = "MPI VERSION    : CRAY MPICH version 7.7.18 (ANL base 3.2)\nMPI BUILD INFO : Built Wed Aug 11 15:11:38 2021 (git hash cf7c093df) MT-G\n"
│   impl = "CrayMPICH"
│   version = v"7.7.18"
└   abi = "MPICH"
┌ Info: MPI implementation identified
│   libmpi = "libmpich"
│   version_string = "MPI VERSION    : CRAY MPICH version 7.7.18 (ANL base 3.2)\nMPI BUILD INFO : Built Wed Aug 11 15:11:38 2021 (git hash cf7c093df) MT-G\n"
│   impl = "CrayMPICH"
│   version = v"7.7.18"
└   abi = "MPICH"
┌ Info: MPI implementation identified
│   libmpi = "libmpich"
│   version_string = "MPI VERSION    : CRAY MPICH version 7.7.18 (ANL base 3.2)\nMPI BUILD INFO : Built Wed Aug 11 15:11:38 2021 (git hash cf7c093df) MT-G\n"
│   impl = "CrayMPICH"
│   version = v"7.7.18"
└   abi = "MPICH"
┌ Info: MPI implementation identified
│   libmpi = "libmpich"
│   version_string = "MPI VERSION    : CRAY MPICH version 7.7.18 (ANL base 3.2)\nMPI BUILD INFO : Built Wed Aug 11 15:11:38 2021 (git hash cf7c093df) MT-G\n"
│   impl = "CrayMPICH"
│   version = v"7.7.18"
└   abi = "MPICH"
┌ Info: MPI implementation identified
│   libmpi = "libmpich"
│   version_string = "MPI VERSION    : CRAY MPICH version 7.7.18 (ANL base 3.2)\nMPI BUILD INFO : Built Wed Aug 11 15:11:38 2021 (git hash cf7c093df) MT-G\n"
│   impl = "CrayMPICH"
│   version = v"7.7.18"
└   abi = "MPICH"
┌ Info: MPI implementation identified
│   libmpi = "libmpich"
│   version_string = "MPI VERSION    : CRAY MPICH version 7.7.18 (ANL base 3.2)\nMPI BUILD INFO : Built Wed Aug 11 15:11:38 2021 (git hash cf7c093df) MT-G\n"
│   impl = "CrayMPICH"
│   version = v"7.7.18"
└   abi = "MPICH"
┌ Info: MPI implementation identified
│   libmpi = "libmpich"
│   version_string = "MPI VERSION    : CRAY MPICH version 7.7.18 (ANL base 3.2)\nMPI BUILD INFO : Built Wed Aug 11 15:11:38 2021 (git hash cf7c093df) MT-G\n"
│   impl = "CrayMPICH"
│   version = v"7.7.18"
└   abi = "MPICH"
┌ Info: MPI implementation identified
│   libmpi = "libmpich"
│   version_string = "MPI VERSION    : CRAY MPICH version 7.7.18 (ANL base 3.2)\nMPI BUILD INFO : Built Wed Aug 11 15:11:38 2021 (git hash cf7c093df) MT-G\n"
│   impl = "CrayMPICH"
│   version = v"7.7.18"
└   abi = "MPICH"
┌ Info: MPI implementation identified
│   libmpi = "libmpich"
│   version_string = "MPI VERSION    : CRAY MPICH version 7.7.18 (ANL base 3.2)\nMPI BUILD INFO : Built Wed Aug 11 15:11:38 2021 (git hash cf7c093df) MT-G\n"
│   impl = "CrayMPICH"
│   version = v"7.7.18"
└   abi = "MPICH"
┌ Info: MPI implementation identified
│   libmpi = "libmpich"
│   version_string = "MPI VERSION    : CRAY MPICH version 7.7.18 (ANL base 3.2)\nMPI BUILD INFO : Built Wed Aug 11 15:11:38 2021 (git hash cf7c093df) MT-G\n"
│   impl = "CrayMPICH"
│   version = v"7.7.18"
└   abi = "MPICH"
┌ Info: MPI implementation identified
│   libmpi = "libmpich"
│   version_string = "MPI VERSION    : CRAY MPICH version 7.7.18 (ANL base 3.2)\nMPI BUILD INFO : Built Wed Aug 11 15:11:38 2021 (git hash cf7c093df) MT-G\n"
│   impl = "CrayMPICH"
│   version = v"7.7.18"
└   abi = "MPICH"
┌ Info: MPI implementation identified
│   libmpi = "libmpich"
│   version_string = "MPI VERSION    : CRAY MPICH version 7.7.18 (ANL base 3.2)\nMPI BUILD INFO : Built Wed Aug 11 15:11:38 2021 (git hash cf7c093df) MT-G\n"
│   impl = "CrayMPICH"
│   version = v"7.7.18"
└   abi = "MPICH"
┌ Info: MPI implementation identified
│   libmpi = "libmpich"
│   version_string = "MPI VERSION    : CRAY MPICH version 7.7.18 (ANL base 3.2)\nMPI BUILD INFO : Built Wed Aug 11 15:11:38 2021 (git hash cf7c093df) MT-G\n"
│   impl = "CrayMPICH"
│   version = v"7.7.18"
└   abi = "MPICH"
┌ Info: MPIPreferences unchanged
│   binary = "system"
│   libmpi = "libmpich"
│   abi = "MPICH"
│   mpiexec = "mpiexec"
│   preloads = Any[]
└   preloads_env_switch = nothing
┌ Info: MPIPreferences unchanged
│   binary = "system"
│   libmpi = "libmpich"
│   abi = "MPICH"
│   mpiexec = "mpiexec"
│   preloads = Any[]
└   preloads_env_switch = nothing
┌ Info: MPIPreferences unchanged
│   binary = "system"
│   libmpi = "libmpich"
│   abi = "MPICH"
│   mpiexec = "mpiexec"
│   preloads = Any[]
└   preloads_env_switch = nothing
┌ Info: MPIPreferences unchanged
│   binary = "system"
│   libmpi = "libmpich"
│   abi = "MPICH"
│   mpiexec = "mpiexec"
│   preloads = Any[]
└   preloads_env_switch = nothing
┌ Info: MPIPreferences unchanged
│   binary = "system"
│   libmpi = "libmpich"
│   abi = "MPICH"
│   mpiexec = "mpiexec"
│   preloads = Any[]
└   preloads_env_switch = nothing
┌ Info: MPIPreferences unchanged
│   binary = "system"
│   libmpi = "libmpich"
│   abi = "MPICH"
│   mpiexec = "mpiexec"
│   preloads = Any[]
└   preloads_env_switch = nothing
┌ Info: MPIPreferences unchanged
│   binary = "system"
│   libmpi = "libmpich"
│   abi = "MPICH"
│   mpiexec = "mpiexec"
│   preloads = Any[]
└   preloads_env_switch = nothing
┌ Info: MPIPreferences unchanged
│   binary = "system"
│   libmpi = "libmpich"
│   abi = "MPICH"
│   mpiexec = "mpiexec"
│   preloads = Any[]
└   preloads_env_switch = nothing
┌ Info: MPIPreferences unchanged
│   binary = "system"
│   libmpi = "libmpich"
│   abi = "MPICH"
│   mpiexec = "mpiexec"
│   preloads = Any[]
└   preloads_env_switch = nothing
┌ Info: MPIPreferences unchanged
│   binary = "system"
│   libmpi = "libmpich"
│   abi = "MPICH"
│   mpiexec = "mpiexec"
│   preloads = Any[]
└   preloads_env_switch = nothing
┌ Info: MPIPreferences unchanged
│   binary = "system"
│   libmpi = "libmpich"
│   abi = "MPICH"
│   mpiexec = "mpiexec"
│   preloads = Any[]
└   preloads_env_switch = nothing
┌ Info: MPIPreferences unchanged
│   binary = "system"
│   libmpi = "libmpich"
│   abi = "MPICH"
│   mpiexec = "mpiexec"
│   preloads = Any[]
└   preloads_env_switch = nothing
┌ Info: MPIPreferences unchanged
│   binary = "system"
│   libmpi = "libmpich"
│   abi = "MPICH"
│   mpiexec = "mpiexec"
│   preloads = Any[]
└   preloads_env_switch = nothing
┌ Info: MPIPreferences unchanged
│   binary = "system"
│   libmpi = "libmpich"
│   abi = "MPICH"
│   mpiexec = "mpiexec"
│   preloads = Any[]
└   preloads_env_switch = nothing
┌ Info: MPIPreferences unchanged
│   binary = "system"
│   libmpi = "libmpich"
│   abi = "MPICH"
│   mpiexec = "mpiexec"
│   preloads = Any[]
└   preloads_env_switch = nothing
┌ Info: MPIPreferences unchanged
│   binary = "system"
│   libmpi = "libmpich"
│   abi = "MPICH"
│   mpiexec = "mpiexec"
│   preloads = Any[]
└   preloads_env_switch = nothing
srun: Job step aborted: Waiting up to 92 seconds for job step to finish.
slurmstepd: error: *** STEP 57476394.0 ON nid01623 CANCELLED AT 2024-10-11T14:56:44 DUE TO TIME LIMIT ***

signal (15): Terminated
in expression starting at /users/rgraf/Bachelor-Arbeit/examples/daint/optimal-basis/E-Szi-S2_pll.jl:179

signal (15): Terminated
in expression starting at /users/rgraf/Bachelor-Arbeit/examples/daint/optimal-basis/E-Szi-S2_pll.jl:179
srun: got SIGCONT
srun: forcing job termination
srun: forcing job termination
